h:\source_sdk_code\smmod-gen2-code\src\vgui2\vgui_controls\release\buildgroup.obj
h:\source_sdk_code\smmod-gen2-code\src\vgui2\vgui_controls\release\combobox.obj
h:\source_sdk_code\smmod-gen2-code\src\vgui2\vgui_controls\release\expandbutton.obj
h:\source_sdk_code\smmod-gen2-code\src\vgui2\vgui_controls\release\image.obj
h:\source_sdk_code\smmod-gen2-code\src\vgui2\vgui_controls\release\listpanel.obj
h:\source_sdk_code\smmod-gen2-code\src\vgui2\vgui_controls\release\panellistpanel.obj
h:\source_sdk_code\smmod-gen2-code\src\vgui2\vgui_controls\release\propertypage.obj
h:\source_sdk_code\smmod-gen2-code\src\vgui2\vgui_controls\release\scalableimagepanel.obj
h:\source_sdk_code\smmod-gen2-code\src\vgui2\vgui_controls\release\textentry.obj
h:\source_sdk_code\smmod-gen2-code\src\vgui2\vgui_controls\release\analogbar.obj
h:\source_sdk_code\smmod-gen2-code\src\vgui2\vgui_controls\release\checkbuttonlist.obj
h:\source_sdk_code\smmod-gen2-code\src\vgui2\vgui_controls\release\divider.obj
h:\source_sdk_code\smmod-gen2-code\src\vgui2\vgui_controls\release\frame.obj
h:\source_sdk_code\smmod-gen2-code\src\vgui2\vgui_controls\release\keyrepeat.obj
h:\source_sdk_code\smmod-gen2-code\src\vgui2\vgui_controls\release\menubutton.obj
h:\source_sdk_code\smmod-gen2-code\src\vgui2\vgui_controls\release\perforcefilelistframe.obj
h:\source_sdk_code\smmod-gen2-code\src\vgui2\vgui_controls\release\radiobutton.obj
h:\source_sdk_code\smmod-gen2-code\src\vgui2\vgui_controls\release\scrollbarslider.obj
h:\source_sdk_code\smmod-gen2-code\src\vgui2\vgui_controls\release\tooltip.obj
h:\source_sdk_code\smmod-gen2-code\src\vgui2\vgui_controls\release\button.obj
h:\source_sdk_code\smmod-gen2-code\src\vgui2\vgui_controls\release\controls.obj
h:\source_sdk_code\smmod-gen2-code\src\vgui2\vgui_controls\release\focusnavgroup.obj
h:\source_sdk_code\smmod-gen2-code\src\vgui2\vgui_controls\release\keybindinghelpdialog.obj
h:\source_sdk_code\smmod-gen2-code\src\vgui2\vgui_controls\release\perforcefileexplorer.obj
h:\source_sdk_code\smmod-gen2-code\src\vgui2\vgui_controls\release\propertysheet.obj
h:\source_sdk_code\smmod-gen2-code\src\vgui2\vgui_controls\release\slider.obj
h:\source_sdk_code\smmod-gen2-code\src\vgui2\vgui_controls\release\treeviewlistcontrol.obj
h:\source_sdk_code\smmod-gen2-code\src\vgui2\vgui_controls\release\animationcontroller.obj
h:\source_sdk_code\smmod-gen2-code\src\vgui2\vgui_controls\release\cvartogglecheckbutton.obj
h:\source_sdk_code\smmod-gen2-code\src\vgui2\vgui_controls\release\filesystem_helpers.obj
h:\source_sdk_code\smmod-gen2-code\src\vgui2\vgui_controls\release\imagepanel.obj
h:\source_sdk_code\smmod-gen2-code\src\vgui2\vgui_controls\release\listviewpanel.obj
h:\source_sdk_code\smmod-gen2-code\src\vgui2\vgui_controls\release\menuitem.obj
h:\source_sdk_code\smmod-gen2-code\src\vgui2\vgui_controls\release\progressbox.obj
h:\source_sdk_code\smmod-gen2-code\src\vgui2\vgui_controls\release\savedocumentquery.obj
h:\source_sdk_code\smmod-gen2-code\src\vgui2\vgui_controls\release\splitter.obj
h:\source_sdk_code\smmod-gen2-code\src\vgui2\vgui_controls\release\treeview.obj
h:\source_sdk_code\smmod-gen2-code\src\vgui2\vgui_controls\release\bitmapimagepanel.obj
h:\source_sdk_code\smmod-gen2-code\src\vgui2\vgui_controls\release\checkbutton.obj
h:\source_sdk_code\smmod-gen2-code\src\vgui2\vgui_controls\release\directoryselectdialog.obj
h:\source_sdk_code\smmod-gen2-code\src\vgui2\vgui_controls\release\graphpanel.obj
h:\source_sdk_code\smmod-gen2-code\src\vgui2\vgui_controls\release\label.obj
h:\source_sdk_code\smmod-gen2-code\src\vgui2\vgui_controls\release\panel.obj
h:\source_sdk_code\smmod-gen2-code\src\vgui2\vgui_controls\release\sectionedlistpanel.obj
h:\source_sdk_code\smmod-gen2-code\src\vgui2\vgui_controls\release\urllabel.obj
h:\source_sdk_code\smmod-gen2-code\src\vgui2\vgui_controls\release\buildfactoryhelper.obj
h:\source_sdk_code\smmod-gen2-code\src\vgui2\vgui_controls\release\consoledialog.obj
h:\source_sdk_code\smmod-gen2-code\src\vgui2\vgui_controls\release\fileopendialog.obj
h:\source_sdk_code\smmod-gen2-code\src\vgui2\vgui_controls\release\inputdialog.obj
h:\source_sdk_code\smmod-gen2-code\src\vgui2\vgui_controls\release\menubar.obj
h:\source_sdk_code\smmod-gen2-code\src\vgui2\vgui_controls\release\messagedialog.obj
h:\source_sdk_code\smmod-gen2-code\src\vgui2\vgui_controls\release\propertydialog.obj
h:\source_sdk_code\smmod-gen2-code\src\vgui2\vgui_controls\release\rotatingprogressbar.obj
h:\source_sdk_code\smmod-gen2-code\src\vgui2\vgui_controls\release\scrollbar.obj
h:\source_sdk_code\smmod-gen2-code\src\vgui2\vgui_controls\release\togglebutton.obj
h:\source_sdk_code\smmod-gen2-code\src\vgui2\vgui_controls\release\vgui_key_translation.obj
h:\source_sdk_code\smmod-gen2-code\src\vgui2\vgui_controls\release\buildmodedialog.obj
h:\source_sdk_code\smmod-gen2-code\src\vgui2\vgui_controls\release\controllermap.obj
h:\source_sdk_code\smmod-gen2-code\src\vgui2\vgui_controls\release\fileopenstatemachine.obj
h:\source_sdk_code\smmod-gen2-code\src\vgui2\vgui_controls\release\imagelist.obj
h:\source_sdk_code\smmod-gen2-code\src\vgui2\vgui_controls\release\keyboardeditordialog.obj
h:\source_sdk_code\smmod-gen2-code\src\vgui2\vgui_controls\release\messagebox.obj
h:\source_sdk_code\smmod-gen2-code\src\vgui2\vgui_controls\release\progressbar.obj
h:\source_sdk_code\smmod-gen2-code\src\vgui2\vgui_controls\release\richtext.obj
h:\source_sdk_code\smmod-gen2-code\src\vgui2\vgui_controls\release\subrectimage.obj
h:\source_sdk_code\smmod-gen2-code\src\vgui2\vgui_controls\release\toolwindow.obj
h:\source_sdk_code\smmod-gen2-code\src\vgui2\vgui_controls\release\wizardsubpanel.obj
h:\source_sdk_code\smmod-gen2-code\src\vgui2\vgui_controls\release\animatingimagepanel.obj
h:\source_sdk_code\smmod-gen2-code\src\vgui2\vgui_controls\release\circularprogressbar.obj
h:\source_sdk_code\smmod-gen2-code\src\vgui2\vgui_controls\release\editablepanel.obj
h:\source_sdk_code\smmod-gen2-code\src\vgui2\vgui_controls\release\html.obj
h:\source_sdk_code\smmod-gen2-code\src\vgui2\vgui_controls\release\menu.obj
h:\source_sdk_code\smmod-gen2-code\src\vgui2\vgui_controls\release\perforcefilelist.obj
h:\source_sdk_code\smmod-gen2-code\src\vgui2\vgui_controls\release\querybox.obj
h:\source_sdk_code\smmod-gen2-code\src\vgui2\vgui_controls\release\scrollableeditablepanel.obj
h:\source_sdk_code\smmod-gen2-code\src\vgui2\vgui_controls\release\textimage.obj
h:\source_sdk_code\smmod-gen2-code\src\vgui2\vgui_controls\release\wizardpanel.obj
h:\source_sdk_code\sp\src\vgui2\vgui_controls\vgui_controls.vpc.sentinel
h:\source_sdk_code\smmod-gen2-code\src\lib\public\vgui_controls.lib
h:\source_sdk_code\smmod-gen2-code\src\vgui2\vgui_controls\..\..\lib\public\.\vgui_controls.lib
h:\source_sdk_code\smmod-gen2-code\src\vgui2\vgui_controls\release\vgui_controls.tlog\cl.command.1.tlog
h:\source_sdk_code\smmod-gen2-code\src\vgui2\vgui_controls\release\vgui_controls.tlog\cl.read.1.tlog
h:\source_sdk_code\smmod-gen2-code\src\vgui2\vgui_controls\release\vgui_controls.tlog\cl.write.1.tlog
h:\source_sdk_code\smmod-gen2-code\src\vgui2\vgui_controls\release\vgui_controls.tlog\custombuild.command.1.tlog
h:\source_sdk_code\smmod-gen2-code\src\vgui2\vgui_controls\release\vgui_controls.tlog\custombuild.read.1.tlog
h:\source_sdk_code\smmod-gen2-code\src\vgui2\vgui_controls\release\vgui_controls.tlog\custombuild.write.1.tlog
h:\source_sdk_code\smmod-gen2-code\src\vgui2\vgui_controls\release\vgui_controls.tlog\lib-link.read.1.tlog
h:\source_sdk_code\smmod-gen2-code\src\vgui2\vgui_controls\release\vgui_controls.tlog\lib-link.write.1.tlog
h:\source_sdk_code\smmod-gen2-code\src\vgui2\vgui_controls\release\vgui_controls.tlog\lib.command.1.tlog
