h:\source_sdk_code\sp\src\mathlib\mathlib.vpc.sentinel
h:\source_sdk_code\bfa\src\lib\public\mathlib.lib
h:\source_sdk_code\bfa\src\mathlib\release\3dnow.obj
h:\source_sdk_code\bfa\src\mathlib\release\almostequal.obj
h:\source_sdk_code\bfa\src\mathlib\release\anorms.obj
h:\source_sdk_code\bfa\src\mathlib\release\bumpvects.obj
h:\source_sdk_code\bfa\src\mathlib\release\color_conversion.obj
h:\source_sdk_code\bfa\src\mathlib\release\halton.obj
h:\source_sdk_code\bfa\src\mathlib\release\icekey.obj
h:\source_sdk_code\bfa\src\mathlib\release\imagequant.obj
h:\source_sdk_code\bfa\src\mathlib\release\lightdesc.obj
h:\source_sdk_code\bfa\src\mathlib\release\mathlib_base.obj
h:\source_sdk_code\bfa\src\mathlib\release\polyhedron.obj
h:\source_sdk_code\bfa\src\mathlib\release\powsse.obj
h:\source_sdk_code\bfa\src\mathlib\release\quantize.obj
h:\source_sdk_code\bfa\src\mathlib\release\randsse.obj
h:\source_sdk_code\bfa\src\mathlib\release\simdvectormatrix.obj
h:\source_sdk_code\bfa\src\mathlib\release\sparse_convolution_noise.obj
h:\source_sdk_code\bfa\src\mathlib\release\spherical.obj
h:\source_sdk_code\bfa\src\mathlib\release\sse.obj
h:\source_sdk_code\bfa\src\mathlib\release\sseconst.obj
h:\source_sdk_code\bfa\src\mathlib\release\ssenoise.obj
h:\source_sdk_code\bfa\src\mathlib\release\vector.obj
h:\source_sdk_code\bfa\src\mathlib\release\vmatrix.obj
h:\source_sdk_code\bfa\src\mathlib\..\lib\public\.\mathlib.lib
h:\source_sdk_code\bfa\src\mathlib\release\mathlib.tlog\cl.command.1.tlog
h:\source_sdk_code\bfa\src\mathlib\release\mathlib.tlog\cl.read.1.tlog
h:\source_sdk_code\bfa\src\mathlib\release\mathlib.tlog\custombuild.command.1.tlog
h:\source_sdk_code\bfa\src\mathlib\release\mathlib.tlog\custombuild.read.1.tlog
h:\source_sdk_code\bfa\src\mathlib\release\mathlib.tlog\custombuild.write.1.tlog
h:\source_sdk_code\bfa\src\mathlib\release\mathlib.tlog\lib-link.read.1.tlog
h:\source_sdk_code\bfa\src\mathlib\release\mathlib.tlog\lib-link.write.1.tlog
h:\source_sdk_code\bfa\src\mathlib\release\mathlib.tlog\lib.command.1.tlog
