h:\source_sdk_code\smmod-gen2-code\src\tier1\release\byteswap.obj
h:\source_sdk_code\smmod-gen2-code\src\tier1\release\generichash.obj
h:\source_sdk_code\smmod-gen2-code\src\tier1\release\mempool.obj
h:\source_sdk_code\smmod-gen2-code\src\tier1\release\sparsematrix.obj
h:\source_sdk_code\smmod-gen2-code\src\tier1\release\utlbuffer.obj
h:\source_sdk_code\smmod-gen2-code\src\tier1\release\bitbuf.obj
h:\source_sdk_code\smmod-gen2-code\src\tier1\release\kvpacker.obj
h:\source_sdk_code\smmod-gen2-code\src\tier1\release\rangecheckedvar.obj
h:\source_sdk_code\smmod-gen2-code\src\tier1\release\splitstring.obj
h:\source_sdk_code\smmod-gen2-code\src\tier1\release\utlbufferutil.obj
h:\source_sdk_code\smmod-gen2-code\src\tier1\release\characterset.obj
h:\source_sdk_code\smmod-gen2-code\src\tier1\release\diff.obj
h:\source_sdk_code\smmod-gen2-code\src\tier1\release\netadr.obj
h:\source_sdk_code\smmod-gen2-code\src\tier1\release\strtools.obj
h:\source_sdk_code\smmod-gen2-code\src\tier1\release\commandbuffer.obj
h:\source_sdk_code\smmod-gen2-code\src\tier1\release\lzmadecoder.obj
h:\source_sdk_code\smmod-gen2-code\src\tier1\release\newbitbuf.obj
h:\source_sdk_code\smmod-gen2-code\src\tier1\release\tier1.obj
h:\source_sdk_code\smmod-gen2-code\src\tier1\release\utlstring.obj
h:\source_sdk_code\smmod-gen2-code\src\tier1\release\checksum_md5.obj
h:\source_sdk_code\smmod-gen2-code\src\tier1\release\ilocalize.obj
h:\source_sdk_code\smmod-gen2-code\src\tier1\release\reliabletimer.obj
h:\source_sdk_code\smmod-gen2-code\src\tier1\release\tokenreader.obj
h:\source_sdk_code\smmod-gen2-code\src\tier1\release\convar.obj
h:\source_sdk_code\smmod-gen2-code\src\tier1\release\keyvalues.obj
h:\source_sdk_code\smmod-gen2-code\src\tier1\release\snappy-stubs-internal.obj
h:\source_sdk_code\smmod-gen2-code\src\tier1\release\uniqueid.obj
h:\source_sdk_code\smmod-gen2-code\src\tier1\release\checksum_crc.obj
h:\source_sdk_code\smmod-gen2-code\src\tier1\release\interface.obj
h:\source_sdk_code\smmod-gen2-code\src\tier1\release\snappy-sinksource.obj
h:\source_sdk_code\smmod-gen2-code\src\tier1\release\snappy.obj
h:\source_sdk_code\smmod-gen2-code\src\tier1\release\checksum_sha1.obj
h:\source_sdk_code\smmod-gen2-code\src\tier1\release\datamanager.obj
h:\source_sdk_code\smmod-gen2-code\src\tier1\release\memstack.obj
h:\source_sdk_code\smmod-gen2-code\src\tier1\release\stringpool.obj
h:\source_sdk_code\smmod-gen2-code\src\tier1\release\utlsymbol.obj
h:\source_sdk_code\smmod-gen2-code\src\tier1\release\processor_detect.obj
h:\source_sdk_code\sp\src\tier1\tier1.vpc.sentinel
h:\source_sdk_code\smmod-gen2-code\src\lib\public\tier1.lib
h:\source_sdk_code\smmod-gen2-code\src\tier1\..\lib\public\.\tier1.lib
h:\source_sdk_code\smmod-gen2-code\src\tier1\release\tier1.tlog\cl.command.1.tlog
h:\source_sdk_code\smmod-gen2-code\src\tier1\release\tier1.tlog\cl.read.1.tlog
h:\source_sdk_code\smmod-gen2-code\src\tier1\release\tier1.tlog\cl.write.1.tlog
h:\source_sdk_code\smmod-gen2-code\src\tier1\release\tier1.tlog\custombuild.command.1.tlog
h:\source_sdk_code\smmod-gen2-code\src\tier1\release\tier1.tlog\custombuild.read.1.tlog
h:\source_sdk_code\smmod-gen2-code\src\tier1\release\tier1.tlog\custombuild.write.1.tlog
h:\source_sdk_code\smmod-gen2-code\src\tier1\release\tier1.tlog\lib-link.read.1.tlog
h:\source_sdk_code\smmod-gen2-code\src\tier1\release\tier1.tlog\lib-link.write.1.tlog
h:\source_sdk_code\smmod-gen2-code\src\tier1\release\tier1.tlog\lib.command.1.tlog
